2022-03-07 18:05:50,661 INFO org.springframework.boot.StartupInfoLogger [main] Starting SpringLoppisApplication using Java 17.0.1 on DESKTOP-M5MIBBQ with PID 2104 (D:\IntellijProjects\spring-loppis\target\classes started by Fredrik in D:\IntellijProjects\spring-loppis)
2022-03-07 18:05:50,663 INFO org.springframework.boot.SpringApplication [main] No active profile set, falling back to 1 default profile: "default"
2022-03-07 18:05:51,015 INFO org.springframework.data.repository.config.RepositoryConfigurationDelegate [main] Bootstrapping Spring Data JPA repositories in DEFAULT mode.
2022-03-07 18:05:51,053 INFO org.springframework.data.repository.config.RepositoryConfigurationDelegate [main] Finished Spring Data repository scanning in 30 ms. Found 2 JPA repository interfaces.
2022-03-07 18:05:51,331 INFO org.springframework.boot.web.embedded.tomcat.TomcatWebServer [main] Tomcat initialized with port(s): 8080 (http)
2022-03-07 18:05:51,336 INFO org.apache.juli.logging.DirectJDKLog [main] Initializing ProtocolHandler ["http-nio-8080"]
2022-03-07 18:05:51,336 INFO org.apache.juli.logging.DirectJDKLog [main] Starting service [Tomcat]
2022-03-07 18:05:51,337 INFO org.apache.juli.logging.DirectJDKLog [main] Starting Servlet engine: [Apache Tomcat/9.0.58]
2022-03-07 18:05:51,407 INFO org.apache.juli.logging.DirectJDKLog [main] Initializing Spring embedded WebApplicationContext
2022-03-07 18:05:51,407 INFO org.springframework.boot.web.servlet.context.ServletWebServerApplicationContext [main] Root WebApplicationContext: initialization completed in 717 ms
2022-03-07 18:05:51,482 INFO com.zaxxer.hikari.HikariDataSource [main] HikariPool-1 - Starting...
2022-03-07 18:05:51,537 INFO com.zaxxer.hikari.HikariDataSource [main] HikariPool-1 - Start completed.
2022-03-07 18:05:51,565 INFO org.hibernate.jpa.internal.util.LogHelper [main] HHH000204: Processing PersistenceUnitInfo [name: default]
2022-03-07 18:05:51,595 INFO org.hibernate.Version [main] HHH000412: Hibernate ORM core version 5.6.5.Final
2022-03-07 18:05:51,671 INFO org.hibernate.annotations.common.reflection.java.JavaReflectionManager [main] HCANN000001: Hibernate Commons Annotations {5.1.2.Final}
2022-03-07 18:05:51,732 INFO org.hibernate.dialect.Dialect [main] HHH000400: Using dialect: org.hibernate.dialect.H2Dialect
2022-03-07 18:05:52,067 INFO org.hibernate.engine.transaction.jta.platform.internal.JtaPlatformInitiator [main] HHH000490: Using JtaPlatform implementation: [org.hibernate.engine.transaction.jta.platform.internal.NoJtaPlatform]
2022-03-07 18:05:52,074 INFO org.springframework.orm.jpa.AbstractEntityManagerFactoryBean [main] Initialized JPA EntityManagerFactory for persistence unit 'default'
2022-03-07 18:05:52,225 WARN org.springframework.boot.autoconfigure.orm.jpa.JpaBaseConfiguration$JpaWebConfiguration [main] spring.jpa.open-in-view is enabled by default. Therefore, database queries may be performed during view rendering. Explicitly configure spring.jpa.open-in-view to disable this warning
2022-03-07 18:05:52,389 INFO org.apache.juli.logging.DirectJDKLog [main] Starting ProtocolHandler ["http-nio-8080"]
2022-03-07 18:05:52,415 INFO org.springframework.boot.web.embedded.tomcat.TomcatWebServer [main] Tomcat started on port(s): 8080 (http) with context path ''
2022-03-07 18:05:52,421 INFO org.springframework.boot.StartupInfoLogger [main] Started SpringLoppisApplication in 2.031 seconds (JVM running for 2.431)
2022-03-07 18:07:21,173 INFO org.apache.juli.logging.DirectJDKLog [http-nio-8080-exec-1] Initializing Spring DispatcherServlet 'dispatcherServlet'
2022-03-07 18:07:21,173 INFO org.springframework.web.servlet.FrameworkServlet [http-nio-8080-exec-1] Initializing Servlet 'dispatcherServlet'
2022-03-07 18:07:21,174 INFO org.springframework.web.servlet.FrameworkServlet [http-nio-8080-exec-1] Completed initialization in 0 ms
2022-03-07 18:07:21,275 INFO com.example.springloppis.controller.UserController [http-nio-8080-exec-1] info
2022-03-07 18:07:21,275 WARN com.example.springloppis.controller.UserController [http-nio-8080-exec-1] warn
2022-03-07 18:07:21,275 ERROR com.example.springloppis.controller.UserController [http-nio-8080-exec-1] error
2022-03-07 18:09:44,534 INFO org.springframework.orm.jpa.AbstractEntityManagerFactoryBean [SpringApplicationShutdownHook] Closing JPA EntityManagerFactory for persistence unit 'default'
2022-03-07 18:09:44,534 INFO org.hibernate.tool.schema.internal.SchemaDropperImpl$DelayedDropActionImpl [SpringApplicationShutdownHook] HHH000477: Starting delayed evictData of schema as part of SessionFactory shut-down'
2022-03-07 18:09:44,537 INFO com.zaxxer.hikari.HikariDataSource [SpringApplicationShutdownHook] HikariPool-1 - Shutdown initiated...
2022-03-07 18:09:44,539 INFO com.zaxxer.hikari.HikariDataSource [SpringApplicationShutdownHook] HikariPool-1 - Shutdown completed.
2022-03-07 18:09:46,619 INFO org.springframework.boot.StartupInfoLogger [main] Starting SpringLoppisApplication using Java 17.0.1 on DESKTOP-M5MIBBQ with PID 6892 (D:\IntellijProjects\spring-loppis\target\classes started by Fredrik in D:\IntellijProjects\spring-loppis)
2022-03-07 18:09:46,621 INFO org.springframework.boot.SpringApplication [main] No active profile set, falling back to 1 default profile: "default"
2022-03-07 18:09:46,994 INFO org.springframework.data.repository.config.RepositoryConfigurationDelegate [main] Bootstrapping Spring Data JPA repositories in DEFAULT mode.
2022-03-07 18:09:47,025 INFO org.springframework.data.repository.config.RepositoryConfigurationDelegate [main] Finished Spring Data repository scanning in 23 ms. Found 2 JPA repository interfaces.
2022-03-07 18:09:47,335 INFO org.springframework.boot.web.embedded.tomcat.TomcatWebServer [main] Tomcat initialized with port(s): 8080 (http)
2022-03-07 18:09:47,340 INFO org.apache.juli.logging.DirectJDKLog [main] Initializing ProtocolHandler ["http-nio-8080"]
2022-03-07 18:09:47,341 INFO org.apache.juli.logging.DirectJDKLog [main] Starting service [Tomcat]
2022-03-07 18:09:47,341 INFO org.apache.juli.logging.DirectJDKLog [main] Starting Servlet engine: [Apache Tomcat/9.0.58]
2022-03-07 18:09:47,412 INFO org.apache.juli.logging.DirectJDKLog [main] Initializing Spring embedded WebApplicationContext
2022-03-07 18:09:47,413 INFO org.springframework.boot.web.servlet.context.ServletWebServerApplicationContext [main] Root WebApplicationContext: initialization completed in 759 ms
2022-03-07 18:09:47,491 INFO com.zaxxer.hikari.HikariDataSource [main] HikariPool-1 - Starting...
2022-03-07 18:09:47,549 INFO com.zaxxer.hikari.HikariDataSource [main] HikariPool-1 - Start completed.
2022-03-07 18:09:47,577 INFO org.hibernate.jpa.internal.util.LogHelper [main] HHH000204: Processing PersistenceUnitInfo [name: default]
2022-03-07 18:09:47,607 INFO org.hibernate.Version [main] HHH000412: Hibernate ORM core version 5.6.5.Final
2022-03-07 18:09:47,690 INFO org.hibernate.annotations.common.reflection.java.JavaReflectionManager [main] HCANN000001: Hibernate Commons Annotations {5.1.2.Final}
2022-03-07 18:09:47,753 INFO org.hibernate.dialect.Dialect [main] HHH000400: Using dialect: org.hibernate.dialect.H2Dialect
2022-03-07 18:09:48,108 INFO org.hibernate.engine.transaction.jta.platform.internal.JtaPlatformInitiator [main] HHH000490: Using JtaPlatform implementation: [org.hibernate.engine.transaction.jta.platform.internal.NoJtaPlatform]
2022-03-07 18:09:48,113 INFO org.springframework.orm.jpa.AbstractEntityManagerFactoryBean [main] Initialized JPA EntityManagerFactory for persistence unit 'default'
2022-03-07 18:09:48,280 WARN org.springframework.boot.autoconfigure.orm.jpa.JpaBaseConfiguration$JpaWebConfiguration [main] spring.jpa.open-in-view is enabled by default. Therefore, database queries may be performed during view rendering. Explicitly configure spring.jpa.open-in-view to disable this warning
2022-03-07 18:09:48,456 INFO org.apache.juli.logging.DirectJDKLog [main] Starting ProtocolHandler ["http-nio-8080"]
2022-03-07 18:09:48,483 INFO org.springframework.boot.web.embedded.tomcat.TomcatWebServer [main] Tomcat started on port(s): 8080 (http) with context path ''
2022-03-07 18:09:48,490 INFO org.springframework.boot.StartupInfoLogger [main] Started SpringLoppisApplication in 2.2 seconds (JVM running for 2.635)
2022-03-07 18:10:01,407 INFO org.apache.juli.logging.DirectJDKLog [http-nio-8080-exec-1] Initializing Spring DispatcherServlet 'dispatcherServlet'
2022-03-07 18:10:01,408 INFO org.springframework.web.servlet.FrameworkServlet [http-nio-8080-exec-1] Initializing Servlet 'dispatcherServlet'
2022-03-07 18:10:01,409 INFO org.springframework.web.servlet.FrameworkServlet [http-nio-8080-exec-1] Completed initialization in 1 ms
2022-03-07 18:10:04,886 INFO com.example.springloppis.controller.UserController [http-nio-8080-exec-2] info
2022-03-07 18:10:04,886 WARN com.example.springloppis.controller.UserController [http-nio-8080-exec-2] warn
2022-03-07 18:10:04,886 ERROR com.example.springloppis.controller.UserController [http-nio-8080-exec-2] error
2022-03-07 18:14:47,307 INFO org.springframework.orm.jpa.AbstractEntityManagerFactoryBean [SpringApplicationShutdownHook] Closing JPA EntityManagerFactory for persistence unit 'default'
2022-03-07 18:14:47,307 INFO org.hibernate.tool.schema.internal.SchemaDropperImpl$DelayedDropActionImpl [SpringApplicationShutdownHook] HHH000477: Starting delayed evictData of schema as part of SessionFactory shut-down'
2022-03-07 18:14:47,311 INFO com.zaxxer.hikari.HikariDataSource [SpringApplicationShutdownHook] HikariPool-1 - Shutdown initiated...
2022-03-07 18:14:47,313 INFO com.zaxxer.hikari.HikariDataSource [SpringApplicationShutdownHook] HikariPool-1 - Shutdown completed.
2022-03-07 18:14:50,486 INFO org.springframework.boot.StartupInfoLogger [main] Starting SpringLoppisApplication using Java 17.0.1 on DESKTOP-M5MIBBQ with PID 15332 (D:\IntellijProjects\spring-loppis\target\classes started by Fredrik in D:\IntellijProjects\spring-loppis)
2022-03-07 18:14:50,488 INFO org.springframework.boot.SpringApplication [main] No active profile set, falling back to 1 default profile: "default"
2022-03-07 18:14:50,882 INFO org.springframework.data.repository.config.RepositoryConfigurationDelegate [main] Bootstrapping Spring Data JPA repositories in DEFAULT mode.
2022-03-07 18:14:50,912 INFO org.springframework.data.repository.config.RepositoryConfigurationDelegate [main] Finished Spring Data repository scanning in 24 ms. Found 2 JPA repository interfaces.
2022-03-07 18:14:51,201 INFO org.springframework.boot.web.embedded.tomcat.TomcatWebServer [main] Tomcat initialized with port(s): 8080 (http)
2022-03-07 18:14:51,206 INFO org.apache.juli.logging.DirectJDKLog [main] Initializing ProtocolHandler ["http-nio-8080"]
2022-03-07 18:14:51,207 INFO org.apache.juli.logging.DirectJDKLog [main] Starting service [Tomcat]
2022-03-07 18:14:51,207 INFO org.apache.juli.logging.DirectJDKLog [main] Starting Servlet engine: [Apache Tomcat/9.0.58]
2022-03-07 18:14:51,280 INFO org.apache.juli.logging.DirectJDKLog [main] Initializing Spring embedded WebApplicationContext
2022-03-07 18:14:51,280 INFO org.springframework.boot.web.servlet.context.ServletWebServerApplicationContext [main] Root WebApplicationContext: initialization completed in 760 ms
2022-03-07 18:14:51,359 INFO com.zaxxer.hikari.HikariDataSource [main] HikariPool-1 - Starting...
2022-03-07 18:14:51,419 INFO com.zaxxer.hikari.HikariDataSource [main] HikariPool-1 - Start completed.
2022-03-07 18:14:51,447 INFO org.hibernate.jpa.internal.util.LogHelper [main] HHH000204: Processing PersistenceUnitInfo [name: default]
2022-03-07 18:14:51,477 INFO org.hibernate.Version [main] HHH000412: Hibernate ORM core version 5.6.5.Final
2022-03-07 18:14:51,555 INFO org.hibernate.annotations.common.reflection.java.JavaReflectionManager [main] HCANN000001: Hibernate Commons Annotations {5.1.2.Final}
2022-03-07 18:14:51,620 INFO org.hibernate.dialect.Dialect [main] HHH000400: Using dialect: org.hibernate.dialect.H2Dialect
2022-03-07 18:14:51,976 INFO org.hibernate.engine.transaction.jta.platform.internal.JtaPlatformInitiator [main] HHH000490: Using JtaPlatform implementation: [org.hibernate.engine.transaction.jta.platform.internal.NoJtaPlatform]
2022-03-07 18:14:51,981 INFO org.springframework.orm.jpa.AbstractEntityManagerFactoryBean [main] Initialized JPA EntityManagerFactory for persistence unit 'default'
2022-03-07 18:14:52,123 INFO com.example.springloppis.service.BeanScopesDemo [main] BeanScopesDemo LEVEEEEEEEEEEEEEEEER
2022-03-07 18:14:52,140 WARN org.springframework.boot.autoconfigure.orm.jpa.JpaBaseConfiguration$JpaWebConfiguration [main] spring.jpa.open-in-view is enabled by default. Therefore, database queries may be performed during view rendering. Explicitly configure spring.jpa.open-in-view to disable this warning
2022-03-07 18:14:52,315 INFO org.apache.juli.logging.DirectJDKLog [main] Starting ProtocolHandler ["http-nio-8080"]
2022-03-07 18:14:52,344 INFO org.springframework.boot.web.embedded.tomcat.TomcatWebServer [main] Tomcat started on port(s): 8080 (http) with context path ''
2022-03-07 18:14:52,351 INFO org.springframework.boot.StartupInfoLogger [main] Started SpringLoppisApplication in 2.146 seconds (JVM running for 2.585)
2022-03-07 18:16:38,041 INFO org.springframework.orm.jpa.AbstractEntityManagerFactoryBean [SpringApplicationShutdownHook] Closing JPA EntityManagerFactory for persistence unit 'default'
2022-03-07 18:16:38,042 INFO org.hibernate.tool.schema.internal.SchemaDropperImpl$DelayedDropActionImpl [SpringApplicationShutdownHook] HHH000477: Starting delayed evictData of schema as part of SessionFactory shut-down'
2022-03-07 18:16:38,045 INFO com.zaxxer.hikari.HikariDataSource [SpringApplicationShutdownHook] HikariPool-1 - Shutdown initiated...
2022-03-07 18:16:38,046 INFO com.zaxxer.hikari.HikariDataSource [SpringApplicationShutdownHook] HikariPool-1 - Shutdown completed.
2022-03-07 18:16:41,450 INFO org.springframework.boot.StartupInfoLogger [main] Starting SpringLoppisApplication using Java 17.0.1 on DESKTOP-M5MIBBQ with PID 6552 (D:\IntellijProjects\spring-loppis\target\classes started by Fredrik in D:\IntellijProjects\spring-loppis)
2022-03-07 18:16:41,452 INFO org.springframework.boot.SpringApplication [main] No active profile set, falling back to 1 default profile: "default"
2022-03-07 18:16:41,843 INFO org.springframework.data.repository.config.RepositoryConfigurationDelegate [main] Bootstrapping Spring Data JPA repositories in DEFAULT mode.
2022-03-07 18:16:41,881 INFO org.springframework.data.repository.config.RepositoryConfigurationDelegate [main] Finished Spring Data repository scanning in 30 ms. Found 2 JPA repository interfaces.
2022-03-07 18:16:42,175 INFO org.springframework.boot.web.embedded.tomcat.TomcatWebServer [main] Tomcat initialized with port(s): 8080 (http)
2022-03-07 18:16:42,181 INFO org.apache.juli.logging.DirectJDKLog [main] Initializing ProtocolHandler ["http-nio-8080"]
2022-03-07 18:16:42,182 INFO org.apache.juli.logging.DirectJDKLog [main] Starting service [Tomcat]
2022-03-07 18:16:42,182 INFO org.apache.juli.logging.DirectJDKLog [main] Starting Servlet engine: [Apache Tomcat/9.0.58]
2022-03-07 18:16:42,261 INFO org.apache.juli.logging.DirectJDKLog [main] Initializing Spring embedded WebApplicationContext
2022-03-07 18:16:42,261 INFO org.springframework.boot.web.servlet.context.ServletWebServerApplicationContext [main] Root WebApplicationContext: initialization completed in 776 ms
2022-03-07 18:16:42,344 INFO com.zaxxer.hikari.HikariDataSource [main] HikariPool-1 - Starting...
2022-03-07 18:16:42,404 INFO com.zaxxer.hikari.HikariDataSource [main] HikariPool-1 - Start completed.
2022-03-07 18:16:42,434 INFO org.hibernate.jpa.internal.util.LogHelper [main] HHH000204: Processing PersistenceUnitInfo [name: default]
2022-03-07 18:16:42,463 INFO org.hibernate.Version [main] HHH000412: Hibernate ORM core version 5.6.5.Final
2022-03-07 18:16:42,543 INFO org.hibernate.annotations.common.reflection.java.JavaReflectionManager [main] HCANN000001: Hibernate Commons Annotations {5.1.2.Final}
2022-03-07 18:16:42,609 INFO org.hibernate.dialect.Dialect [main] HHH000400: Using dialect: org.hibernate.dialect.H2Dialect
2022-03-07 18:16:42,984 INFO org.hibernate.engine.transaction.jta.platform.internal.JtaPlatformInitiator [main] HHH000490: Using JtaPlatform implementation: [org.hibernate.engine.transaction.jta.platform.internal.NoJtaPlatform]
2022-03-07 18:16:42,989 INFO org.springframework.orm.jpa.AbstractEntityManagerFactoryBean [main] Initialized JPA EntityManagerFactory for persistence unit 'default'
2022-03-07 18:16:43,132 INFO com.example.springloppis.service.BeanScopesDemo [main] BeanScopesDemo LEVEEEEEEEEEEEEEEEER
2022-03-07 18:16:43,157 WARN org.springframework.boot.autoconfigure.orm.jpa.JpaBaseConfiguration$JpaWebConfiguration [main] spring.jpa.open-in-view is enabled by default. Therefore, database queries may be performed during view rendering. Explicitly configure spring.jpa.open-in-view to disable this warning
2022-03-07 18:16:43,338 INFO org.apache.juli.logging.DirectJDKLog [main] Starting ProtocolHandler ["http-nio-8080"]
2022-03-07 18:16:43,365 INFO org.springframework.boot.web.embedded.tomcat.TomcatWebServer [main] Tomcat started on port(s): 8080 (http) with context path ''
2022-03-07 18:16:43,372 INFO org.springframework.boot.StartupInfoLogger [main] Started SpringLoppisApplication in 2.204 seconds (JVM running for 2.649)
2022-03-07 18:17:19,029 INFO org.springframework.orm.jpa.AbstractEntityManagerFactoryBean [SpringApplicationShutdownHook] Closing JPA EntityManagerFactory for persistence unit 'default'
2022-03-07 18:17:19,029 INFO org.hibernate.tool.schema.internal.SchemaDropperImpl$DelayedDropActionImpl [SpringApplicationShutdownHook] HHH000477: Starting delayed evictData of schema as part of SessionFactory shut-down'
2022-03-07 18:17:19,036 INFO com.zaxxer.hikari.HikariDataSource [SpringApplicationShutdownHook] HikariPool-1 - Shutdown initiated...
2022-03-07 18:17:19,037 INFO com.zaxxer.hikari.HikariDataSource [SpringApplicationShutdownHook] HikariPool-1 - Shutdown completed.
